<?xml version="1.0" encoding="UTF-8"?>
<!-- Generated by org.testng.reporters.JUnitReportReporter -->
<testsuite hostname="LAPTOP-E02P1GFT" failures="0" tests="10" name="Hybrid.logincrm" time="52.979" errors="0" timestamp="2022-05-22T19:32:46 IST" skipped="0">
  <testcase classname="Hybrid.logincrm" name="loginApp" time="4.989"/>
  <system-out/>
  <testcase classname="Hybrid.logincrm" name="signupapp" time="10.687"/>
  <system-out/>
  <testcase classname="Hybrid.logincrm" name="searchupapp" time="8.754"/>
  <system-out/>
  <testcase classname="Hybrid.logincrm" name="Bedapp" time="10.865"/>
  <system-out/>
  <testcase classname="Hybrid.logincrm" name="Bedappcart" time="5.350"/>
  <system-out/>
  <testcase classname="Hybrid.logincrm" name="assertionaa" time="4.174"/>
  <system-out/>
  <testcase classname="Hybrid.logincrm" name="tvappcart" time="3.192"/>
  <system-out/>
  <testcase classname="Hybrid.logincrm" name="studyapp" time="3.591"/>
  <system-out/>
  <testcase classname="Hybrid.logincrm" name="aboutapp" time="0.821"/>
  <system-out/>
  <testcase classname="Hybrid.logincrm" name="infoapp" time="0.556"/>
  <system-out/>
</testsuite> <!-- Hybrid.logincrm -->
